# JRE version: OpenJDK Runtime Environment (11.0.15) (build 11.0.15+0-b2043.56-8887301)
# Java VM: OpenJDK 64-Bit Server VM (11.0.15+0-b2043.56-8887301, mixed mode, tiered, compressed oops, g1 gc, windows-amd64)
Heap:
 garbage-first heap   total 570368K, used 326679K [0x0000000080000000, 0x0000000100000000)
  region size 1024K, 3 young (3072K), 3 survivors (3072K)
 Metaspace       used 151074K, capacity 155205K, committed 155400K, reserved 1183744K
  class space    used 19088K, capacity 20622K, committed 20736K, reserved 1048576K
GC Heap History (20 events):
Event: 5386.346 GC heap after
{Heap after GC invocations=87 (full 0):
 garbage-first heap   total 378880K, used 222828K [0x0000000080000000, 0x0000000100000000)
  region size 1024K, 3 young (3072K), 3 survivors (3072K)
 Metaspace       used 135269K, capacity 138535K, committed 138888K, reserved 1171456K
  class space    used 16752K, capacity 17942K, committed 18048K, reserved 1048576K
}
Event: 5386.918 GC heap before
{Heap before GC invocations=87 (full 0):
 garbage-first heap   total 378880K, used 284268K [0x0000000080000000, 0x0000000100000000)
  region size 1024K, 64 young (65536K), 3 survivors (3072K)
 Metaspace       used 137058K, capacity 140453K, committed 140680K, reserved 1171456K
  class space    used 16997K, capacity 18230K, committed 18304K, reserved 1048576K
}
Event: 5386.925 GC heap after
{Heap after GC invocations=88 (full 0):
 garbage-first heap   total 378880K, used 225525K [0x0000000080000000, 0x0000000100000000)
  region size 1024K, 6 young (6144K), 6 survivors (6144K)
 Metaspace       used 137058K, capacity 140453K, committed 140680K, reserved 1171456K
  class space    used 16997K, capacity 18230K, committed 18304K, reserved 1048576K
}
Event: 5388.101 GC heap before
{Heap before GC invocations=89 (full 0):
 garbage-first heap   total 378880K, used 297205K [0x0000000080000000, 0x0000000100000000)
  region size 1024K, 71 young (72704K), 6 survivors (6144K)
 Metaspace       used 147867K, capacity 151690K, committed 151944K, reserved 1181696K
  class space    used 18609K, capacity 20039K, committed 20096K, reserved 1048576K
}
Event: 5388.110 GC heap after
{Heap after GC invocations=90 (full 0):
 garbage-first heap   total 378880K, used 236240K [0x0000000080000000, 0x0000000100000000)
  region size 1024K, 8 young (8192K), 8 survivors (8192K)
 Metaspace       used 147867K, capacity 151690K, committed 151944K, reserved 1181696K
  class space    used 18609K, capacity 20039K, committed 20096K, reserved 1048576K
}
Event: 5388.166 GC heap before
{Heap before GC invocations=90 (full 0):
 garbage-first heap   total 378880K, used 248528K [0x0000000080000000, 0x0000000100000000)
  region size 1024K, 18 young (18432K), 8 survivors (8192K)
 Metaspace       used 147973K, capacity 151772K, committed 151944K, reserved 1181696K
  class space    used 18627K, capacity 20044K, committed 20096K, reserved 1048576K
}
Event: 5388.173 GC heap after
{Heap after GC invocations=91 (full 0):
 garbage-first heap   total 378880K, used 233241K [0x0000000080000000, 0x0000000100000000)
  region size 1024K, 2 young (2048K), 2 survivors (2048K)
 Metaspace       used 147973K, capacity 151772K, committed 151944K, reserved 1181696K
  class space    used 18627K, capacity 20044K, committed 20096K, reserved 1048576K
}
Event: 5388.217 GC heap before
{Heap before GC invocations=91 (full 0):
 garbage-first heap   total 378880K, used 241433K [0x0000000080000000, 0x0000000100000000)
  region size 1024K, 12 young (12288K), 2 survivors (2048K)
 Metaspace       used 148338K, capacity 152229K, committed 152584K, reserved 1181696K
  class space    used 18683K, capacity 20111K, committed 20224K, reserved 1048576K
}
Event: 5388.220 GC heap after
{Heap after GC invocations=92 (full 0):
 garbage-first heap   total 378880K, used 233910K [0x0000000080000000, 0x0000000100000000)
  region size 1024K, 3 young (3072K), 3 survivors (3072K)
 Metaspace       used 148338K, capacity 152229K, committed 152584K, reserved 1181696K
  class space    used 18683K, capacity 20111K, committed 20224K, reserved 1048576K
}
Event: 5388.598 GC heap before
{Heap before GC invocations=93 (full 0):
 garbage-first heap   total 378880K, used 314806K [0x0000000080000000, 0x0000000100000000)
  region size 1024K, 54 young (55296K), 3 survivors (3072K)
 Metaspace       used 148764K, capacity 152680K, committed 152840K, reserved 1181696K
  class space    used 18719K, capacity 20150K, committed 20224K, reserved 1048576K
}
Event: 5388.615 GC heap after
{Heap after GC invocations=94 (full 0):
 garbage-first heap   total 378880K, used 262900K [0x0000000080000000, 0x0000000100000000)
  region size 1024K, 7 young (7168K), 7 survivors (7168K)
 Metaspace       used 148764K, capacity 152680K, committed 152840K, reserved 1181696K
  class space    used 18719K, capacity 20150K, committed 20224K, reserved 1048576K
}
Event: 5388.803 GC heap before
{Heap before GC invocations=94 (full 0):
 garbage-first heap   total 378880K, used 274164K [0x0000000080000000, 0x0000000100000000)
  region size 1024K, 18 young (18432K), 7 survivors (7168K)
 Metaspace       used 149680K, capacity 153636K, committed 153864K, reserved 1183744K
  class space    used 18977K, capacity 20453K, committed 20480K, reserved 1048576K
}
Event: 5388.821 GC heap after
{Heap after GC invocations=95 (full 0):
 garbage-first heap   total 459776K, used 267758K [0x0000000080000000, 0x0000000100000000)
  region size 1024K, 3 young (3072K), 3 survivors (3072K)
 Metaspace       used 149680K, capacity 153636K, committed 153864K, reserved 1183744K
  class space    used 18977K, capacity 20453K, committed 20480K, reserved 1048576K
}
Event: 5389.142 GC heap before
{Heap before GC invocations=95 (full 0):
 garbage-first heap   total 459776K, used 339438K [0x0000000080000000, 0x0000000100000000)
  region size 1024K, 73 young (74752K), 3 survivors (3072K)
 Metaspace       used 150145K, capacity 154132K, committed 154376K, reserved 1183744K
  class space    used 18995K, capacity 20461K, committed 20480K, reserved 1048576K
}
Event: 5389.179 GC heap after
{Heap after GC invocations=96 (full 0):
 garbage-first heap   total 459776K, used 302914K [0x0000000080000000, 0x0000000100000000)
  region size 1024K, 10 young (10240K), 10 survivors (10240K)
 Metaspace       used 150145K, capacity 154132K, committed 154376K, reserved 1183744K
  class space    used 18995K, capacity 20461K, committed 20480K, reserved 1048576K
}
Event: 5389.758 GC heap before
{Heap before GC invocations=97 (full 0):
 garbage-first heap   total 459776K, used 355138K [0x0000000080000000, 0x0000000100000000)
  region size 1024K, 61 young (62464K), 10 survivors (10240K)
 Metaspace       used 150760K, capacity 154897K, committed 155144K, reserved 1183744K
  class space    used 19086K, capacity 20624K, committed 20736K, reserved 1048576K
}
Event: 5389.788 GC heap after
{Heap after GC invocations=98 (full 0):
 garbage-first heap   total 459776K, used 318464K [0x0000000080000000, 0x0000000100000000)
  region size 1024K, 8 young (8192K), 8 survivors (8192K)
 Metaspace       used 150760K, capacity 154897K, committed 155144K, reserved 1183744K
  class space    used 19086K, capacity 20624K, committed 20736K, reserved 1048576K
}
Event: 5390.177 GC heap before
{Heap before GC invocations=98 (full 0):
 garbage-first heap   total 459776K, used 361472K [0x0000000080000000, 0x0000000100000000)
  region size 1024K, 52 young (53248K), 8 survivors (8192K)
 Metaspace       used 151027K, capacity 155192K, committed 155400K, reserved 1183744K
  class space    used 19101K, capacity 20647K, committed 20736K, reserved 1048576K
}
Event: 5390.196 GC heap after
{Heap after GC invocations=99 (full 0):
 garbage-first heap   total 459776K, used 324815K [0x0000000080000000, 0x0000000100000000)
  region size 1024K, 5 young (5120K), 5 survivors (5120K)
 Metaspace       used 151027K, capacity 155192K, committed 155400K, reserved 1183744K
  class space    used 19101K, capacity 20647K, committed 20736K, reserved 1048576K
}
Event: 5390.982 GC heap before
{Heap before GC invocations=100 (full 0):
 garbage-first heap   total 459776K, used 370895K [0x0000000080000000, 0x0000000100000000)
  region size 1024K, 51 young (52224K), 5 survivors (5120K)
 Metaspace       used 151074K, capacity 155205K, committed 155400K, reserved 1183744K
  class space    used 19088K, capacity 20622K, committed 20736K, reserved 1048576K
}

